<?xml version="1.0" encoding="UTF-8"?>
<testsuite xmlns:xsi="http://www.w3.org/2001/XMLSchema-instance" xsi:noNamespaceSchemaLocation="https://maven.apache.org/surefire/maven-surefire-plugin/xsd/surefire-test-report.xsd" name="com.provider.gmallinterface.GmallInterfaceApplicationTests" time="0.875" tests="1" errors="1" skipped="0" failures="0">
  <properties>
    <property name="sun.desktop" value="windows"/>
    <property name="awt.toolkit" value="sun.awt.windows.WToolkit"/>
    <property name="file.encoding.pkg" value="sun.io"/>
    <property name="java.specification.version" value="1.8"/>
    <property name="sun.cpu.isalist" value="amd64"/>
    <property name="sun.jnu.encoding" value="GBK"/>
    <property name="java.class.path" value="D:\项目\parent\dubbo-gmall-interface\target\test-classes;D:\项目\parent\dubbo-gmall-interface\target\classes;D:\软件\apache-maven-3.5.0\repo\org\springframework\boot\spring-boot-starter-web\2.5.0\spring-boot-starter-web-2.5.0.jar;D:\软件\apache-maven-3.5.0\repo\org\springframework\boot\spring-boot-starter\2.5.0\spring-boot-starter-2.5.0.jar;D:\软件\apache-maven-3.5.0\repo\org\springframework\boot\spring-boot\2.5.0\spring-boot-2.5.0.jar;D:\软件\apache-maven-3.5.0\repo\org\springframework\boot\spring-boot-autoconfigure\2.5.0\spring-boot-autoconfigure-2.5.0.jar;D:\软件\apache-maven-3.5.0\repo\org\springframework\boot\spring-boot-starter-logging\2.5.0\spring-boot-starter-logging-2.5.0.jar;D:\软件\apache-maven-3.5.0\repo\ch\qos\logback\logback-classic\1.2.3\logback-classic-1.2.3.jar;D:\软件\apache-maven-3.5.0\repo\ch\qos\logback\logback-core\1.2.3\logback-core-1.2.3.jar;D:\软件\apache-maven-3.5.0\repo\org\apache\logging\log4j\log4j-to-slf4j\2.14.1\log4j-to-slf4j-2.14.1.jar;D:\软件\apache-maven-3.5.0\repo\org\apache\logging\log4j\log4j-api\2.14.1\log4j-api-2.14.1.jar;D:\软件\apache-maven-3.5.0\repo\org\slf4j\jul-to-slf4j\1.7.30\jul-to-slf4j-1.7.30.jar;D:\软件\apache-maven-3.5.0\repo\jakarta\annotation\jakarta.annotation-api\1.3.5\jakarta.annotation-api-1.3.5.jar;D:\软件\apache-maven-3.5.0\repo\org\yaml\snakeyaml\1.28\snakeyaml-1.28.jar;D:\软件\apache-maven-3.5.0\repo\org\springframework\boot\spring-boot-starter-json\2.5.0\spring-boot-starter-json-2.5.0.jar;D:\软件\apache-maven-3.5.0\repo\com\fasterxml\jackson\core\jackson-databind\2.12.3\jackson-databind-2.12.3.jar;D:\软件\apache-maven-3.5.0\repo\com\fasterxml\jackson\core\jackson-annotations\2.12.3\jackson-annotations-2.12.3.jar;D:\软件\apache-maven-3.5.0\repo\com\fasterxml\jackson\core\jackson-core\2.12.3\jackson-core-2.12.3.jar;D:\软件\apache-maven-3.5.0\repo\com\fasterxml\jackson\datatype\jackson-datatype-jdk8\2.12.3\jackson-datatype-jdk8-2.12.3.jar;D:\软件\apache-maven-3.5.0\repo\com\fasterxml\jackson\datatype\jackson-datatype-jsr310\2.12.3\jackson-datatype-jsr310-2.12.3.jar;D:\软件\apache-maven-3.5.0\repo\com\fasterxml\jackson\module\jackson-module-parameter-names\2.12.3\jackson-module-parameter-names-2.12.3.jar;D:\软件\apache-maven-3.5.0\repo\org\springframework\boot\spring-boot-starter-tomcat\2.5.0\spring-boot-starter-tomcat-2.5.0.jar;D:\软件\apache-maven-3.5.0\repo\org\apache\tomcat\embed\tomcat-embed-core\9.0.46\tomcat-embed-core-9.0.46.jar;D:\软件\apache-maven-3.5.0\repo\org\apache\tomcat\embed\tomcat-embed-el\9.0.46\tomcat-embed-el-9.0.46.jar;D:\软件\apache-maven-3.5.0\repo\org\apache\tomcat\embed\tomcat-embed-websocket\9.0.46\tomcat-embed-websocket-9.0.46.jar;D:\软件\apache-maven-3.5.0\repo\org\springframework\spring-web\5.3.7\spring-web-5.3.7.jar;D:\软件\apache-maven-3.5.0\repo\org\springframework\spring-beans\5.3.7\spring-beans-5.3.7.jar;D:\软件\apache-maven-3.5.0\repo\org\springframework\spring-webmvc\5.3.7\spring-webmvc-5.3.7.jar;D:\软件\apache-maven-3.5.0\repo\org\springframework\spring-aop\5.3.7\spring-aop-5.3.7.jar;D:\软件\apache-maven-3.5.0\repo\org\springframework\spring-context\5.3.7\spring-context-5.3.7.jar;D:\软件\apache-maven-3.5.0\repo\org\springframework\spring-expression\5.3.7\spring-expression-5.3.7.jar;D:\软件\apache-maven-3.5.0\repo\org\springframework\boot\spring-boot-starter-test\2.5.0\spring-boot-starter-test-2.5.0.jar;D:\软件\apache-maven-3.5.0\repo\org\springframework\boot\spring-boot-test\2.5.0\spring-boot-test-2.5.0.jar;D:\软件\apache-maven-3.5.0\repo\org\springframework\boot\spring-boot-test-autoconfigure\2.5.0\spring-boot-test-autoconfigure-2.5.0.jar;D:\软件\apache-maven-3.5.0\repo\com\jayway\jsonpath\json-path\2.5.0\json-path-2.5.0.jar;D:\软件\apache-maven-3.5.0\repo\net\minidev\json-smart\2.4.7\json-smart-2.4.7.jar;D:\软件\apache-maven-3.5.0\repo\net\minidev\accessors-smart\2.4.7\accessors-smart-2.4.7.jar;D:\软件\apache-maven-3.5.0\repo\org\ow2\asm\asm\9.1\asm-9.1.jar;D:\软件\apache-maven-3.5.0\repo\org\slf4j\slf4j-api\1.7.30\slf4j-api-1.7.30.jar;D:\软件\apache-maven-3.5.0\repo\jakarta\xml\bind\jakarta.xml.bind-api\2.3.3\jakarta.xml.bind-api-2.3.3.jar;D:\软件\apache-maven-3.5.0\repo\jakarta\activation\jakarta.activation-api\1.2.2\jakarta.activation-api-1.2.2.jar;D:\软件\apache-maven-3.5.0\repo\org\assertj\assertj-core\3.19.0\assertj-core-3.19.0.jar;D:\软件\apache-maven-3.5.0\repo\org\hamcrest\hamcrest\2.2\hamcrest-2.2.jar;D:\软件\apache-maven-3.5.0\repo\org\junit\jupiter\junit-jupiter\5.7.2\junit-jupiter-5.7.2.jar;D:\软件\apache-maven-3.5.0\repo\org\junit\jupiter\junit-jupiter-api\5.7.2\junit-jupiter-api-5.7.2.jar;D:\软件\apache-maven-3.5.0\repo\org\apiguardian\apiguardian-api\1.1.0\apiguardian-api-1.1.0.jar;D:\软件\apache-maven-3.5.0\repo\org\opentest4j\opentest4j\1.2.0\opentest4j-1.2.0.jar;D:\软件\apache-maven-3.5.0\repo\org\junit\platform\junit-platform-commons\1.7.2\junit-platform-commons-1.7.2.jar;D:\软件\apache-maven-3.5.0\repo\org\junit\jupiter\junit-jupiter-params\5.7.2\junit-jupiter-params-5.7.2.jar;D:\软件\apache-maven-3.5.0\repo\org\junit\jupiter\junit-jupiter-engine\5.7.2\junit-jupiter-engine-5.7.2.jar;D:\软件\apache-maven-3.5.0\repo\org\junit\platform\junit-platform-engine\1.7.2\junit-platform-engine-1.7.2.jar;D:\软件\apache-maven-3.5.0\repo\org\mockito\mockito-core\3.9.0\mockito-core-3.9.0.jar;D:\软件\apache-maven-3.5.0\repo\net\bytebuddy\byte-buddy\1.10.22\byte-buddy-1.10.22.jar;D:\软件\apache-maven-3.5.0\repo\net\bytebuddy\byte-buddy-agent\1.10.22\byte-buddy-agent-1.10.22.jar;D:\软件\apache-maven-3.5.0\repo\org\objenesis\objenesis\3.2\objenesis-3.2.jar;D:\软件\apache-maven-3.5.0\repo\org\mockito\mockito-junit-jupiter\3.9.0\mockito-junit-jupiter-3.9.0.jar;D:\软件\apache-maven-3.5.0\repo\org\skyscreamer\jsonassert\1.5.0\jsonassert-1.5.0.jar;D:\软件\apache-maven-3.5.0\repo\com\vaadin\external\google\android-json\0.0.20131108.vaadin1\android-json-0.0.20131108.vaadin1.jar;D:\软件\apache-maven-3.5.0\repo\org\springframework\spring-core\5.3.7\spring-core-5.3.7.jar;D:\软件\apache-maven-3.5.0\repo\org\springframework\spring-jcl\5.3.7\spring-jcl-5.3.7.jar;D:\软件\apache-maven-3.5.0\repo\org\springframework\spring-test\5.3.7\spring-test-5.3.7.jar;D:\软件\apache-maven-3.5.0\repo\org\xmlunit\xmlunit-core\2.8.2\xmlunit-core-2.8.2.jar;"/>
    <property name="java.vm.vendor" value="Oracle Corporation"/>
    <property name="sun.arch.data.model" value="64"/>
    <property name="user.variant" value=""/>
    <property name="java.vendor.url" value="http://java.oracle.com/"/>
    <property name="user.timezone" value="Asia/Shanghai"/>
    <property name="java.vm.specification.version" value="1.8"/>
    <property name="os.name" value="Windows 10"/>
    <property name="user.country" value="CN"/>
    <property name="sun.java.launcher" value="SUN_STANDARD"/>
    <property name="sun.boot.library.path" value="D:\java\jdk\jre\bin"/>
    <property name="sun.java.command" value="C:\Users\YangPeng\AppData\Local\Temp\surefire310511792852558208\surefirebooter6800669668924002094.jar C:\Users\YangPeng\AppData\Local\Temp\surefire310511792852558208 2021-06-05T19-09-14_720-jvmRun1 surefire6617509701929812801tmp surefire_02692689745700355638tmp"/>
    <property name="surefire.test.class.path" value="D:\项目\parent\dubbo-gmall-interface\target\test-classes;D:\项目\parent\dubbo-gmall-interface\target\classes;D:\软件\apache-maven-3.5.0\repo\org\springframework\boot\spring-boot-starter-web\2.5.0\spring-boot-starter-web-2.5.0.jar;D:\软件\apache-maven-3.5.0\repo\org\springframework\boot\spring-boot-starter\2.5.0\spring-boot-starter-2.5.0.jar;D:\软件\apache-maven-3.5.0\repo\org\springframework\boot\spring-boot\2.5.0\spring-boot-2.5.0.jar;D:\软件\apache-maven-3.5.0\repo\org\springframework\boot\spring-boot-autoconfigure\2.5.0\spring-boot-autoconfigure-2.5.0.jar;D:\软件\apache-maven-3.5.0\repo\org\springframework\boot\spring-boot-starter-logging\2.5.0\spring-boot-starter-logging-2.5.0.jar;D:\软件\apache-maven-3.5.0\repo\ch\qos\logback\logback-classic\1.2.3\logback-classic-1.2.3.jar;D:\软件\apache-maven-3.5.0\repo\ch\qos\logback\logback-core\1.2.3\logback-core-1.2.3.jar;D:\软件\apache-maven-3.5.0\repo\org\apache\logging\log4j\log4j-to-slf4j\2.14.1\log4j-to-slf4j-2.14.1.jar;D:\软件\apache-maven-3.5.0\repo\org\apache\logging\log4j\log4j-api\2.14.1\log4j-api-2.14.1.jar;D:\软件\apache-maven-3.5.0\repo\org\slf4j\jul-to-slf4j\1.7.30\jul-to-slf4j-1.7.30.jar;D:\软件\apache-maven-3.5.0\repo\jakarta\annotation\jakarta.annotation-api\1.3.5\jakarta.annotation-api-1.3.5.jar;D:\软件\apache-maven-3.5.0\repo\org\yaml\snakeyaml\1.28\snakeyaml-1.28.jar;D:\软件\apache-maven-3.5.0\repo\org\springframework\boot\spring-boot-starter-json\2.5.0\spring-boot-starter-json-2.5.0.jar;D:\软件\apache-maven-3.5.0\repo\com\fasterxml\jackson\core\jackson-databind\2.12.3\jackson-databind-2.12.3.jar;D:\软件\apache-maven-3.5.0\repo\com\fasterxml\jackson\core\jackson-annotations\2.12.3\jackson-annotations-2.12.3.jar;D:\软件\apache-maven-3.5.0\repo\com\fasterxml\jackson\core\jackson-core\2.12.3\jackson-core-2.12.3.jar;D:\软件\apache-maven-3.5.0\repo\com\fasterxml\jackson\datatype\jackson-datatype-jdk8\2.12.3\jackson-datatype-jdk8-2.12.3.jar;D:\软件\apache-maven-3.5.0\repo\com\fasterxml\jackson\datatype\jackson-datatype-jsr310\2.12.3\jackson-datatype-jsr310-2.12.3.jar;D:\软件\apache-maven-3.5.0\repo\com\fasterxml\jackson\module\jackson-module-parameter-names\2.12.3\jackson-module-parameter-names-2.12.3.jar;D:\软件\apache-maven-3.5.0\repo\org\springframework\boot\spring-boot-starter-tomcat\2.5.0\spring-boot-starter-tomcat-2.5.0.jar;D:\软件\apache-maven-3.5.0\repo\org\apache\tomcat\embed\tomcat-embed-core\9.0.46\tomcat-embed-core-9.0.46.jar;D:\软件\apache-maven-3.5.0\repo\org\apache\tomcat\embed\tomcat-embed-el\9.0.46\tomcat-embed-el-9.0.46.jar;D:\软件\apache-maven-3.5.0\repo\org\apache\tomcat\embed\tomcat-embed-websocket\9.0.46\tomcat-embed-websocket-9.0.46.jar;D:\软件\apache-maven-3.5.0\repo\org\springframework\spring-web\5.3.7\spring-web-5.3.7.jar;D:\软件\apache-maven-3.5.0\repo\org\springframework\spring-beans\5.3.7\spring-beans-5.3.7.jar;D:\软件\apache-maven-3.5.0\repo\org\springframework\spring-webmvc\5.3.7\spring-webmvc-5.3.7.jar;D:\软件\apache-maven-3.5.0\repo\org\springframework\spring-aop\5.3.7\spring-aop-5.3.7.jar;D:\软件\apache-maven-3.5.0\repo\org\springframework\spring-context\5.3.7\spring-context-5.3.7.jar;D:\软件\apache-maven-3.5.0\repo\org\springframework\spring-expression\5.3.7\spring-expression-5.3.7.jar;D:\软件\apache-maven-3.5.0\repo\org\springframework\boot\spring-boot-starter-test\2.5.0\spring-boot-starter-test-2.5.0.jar;D:\软件\apache-maven-3.5.0\repo\org\springframework\boot\spring-boot-test\2.5.0\spring-boot-test-2.5.0.jar;D:\软件\apache-maven-3.5.0\repo\org\springframework\boot\spring-boot-test-autoconfigure\2.5.0\spring-boot-test-autoconfigure-2.5.0.jar;D:\软件\apache-maven-3.5.0\repo\com\jayway\jsonpath\json-path\2.5.0\json-path-2.5.0.jar;D:\软件\apache-maven-3.5.0\repo\net\minidev\json-smart\2.4.7\json-smart-2.4.7.jar;D:\软件\apache-maven-3.5.0\repo\net\minidev\accessors-smart\2.4.7\accessors-smart-2.4.7.jar;D:\软件\apache-maven-3.5.0\repo\org\ow2\asm\asm\9.1\asm-9.1.jar;D:\软件\apache-maven-3.5.0\repo\org\slf4j\slf4j-api\1.7.30\slf4j-api-1.7.30.jar;D:\软件\apache-maven-3.5.0\repo\jakarta\xml\bind\jakarta.xml.bind-api\2.3.3\jakarta.xml.bind-api-2.3.3.jar;D:\软件\apache-maven-3.5.0\repo\jakarta\activation\jakarta.activation-api\1.2.2\jakarta.activation-api-1.2.2.jar;D:\软件\apache-maven-3.5.0\repo\org\assertj\assertj-core\3.19.0\assertj-core-3.19.0.jar;D:\软件\apache-maven-3.5.0\repo\org\hamcrest\hamcrest\2.2\hamcrest-2.2.jar;D:\软件\apache-maven-3.5.0\repo\org\junit\jupiter\junit-jupiter\5.7.2\junit-jupiter-5.7.2.jar;D:\软件\apache-maven-3.5.0\repo\org\junit\jupiter\junit-jupiter-api\5.7.2\junit-jupiter-api-5.7.2.jar;D:\软件\apache-maven-3.5.0\repo\org\apiguardian\apiguardian-api\1.1.0\apiguardian-api-1.1.0.jar;D:\软件\apache-maven-3.5.0\repo\org\opentest4j\opentest4j\1.2.0\opentest4j-1.2.0.jar;D:\软件\apache-maven-3.5.0\repo\org\junit\platform\junit-platform-commons\1.7.2\junit-platform-commons-1.7.2.jar;D:\软件\apache-maven-3.5.0\repo\org\junit\jupiter\junit-jupiter-params\5.7.2\junit-jupiter-params-5.7.2.jar;D:\软件\apache-maven-3.5.0\repo\org\junit\jupiter\junit-jupiter-engine\5.7.2\junit-jupiter-engine-5.7.2.jar;D:\软件\apache-maven-3.5.0\repo\org\junit\platform\junit-platform-engine\1.7.2\junit-platform-engine-1.7.2.jar;D:\软件\apache-maven-3.5.0\repo\org\mockito\mockito-core\3.9.0\mockito-core-3.9.0.jar;D:\软件\apache-maven-3.5.0\repo\net\bytebuddy\byte-buddy\1.10.22\byte-buddy-1.10.22.jar;D:\软件\apache-maven-3.5.0\repo\net\bytebuddy\byte-buddy-agent\1.10.22\byte-buddy-agent-1.10.22.jar;D:\软件\apache-maven-3.5.0\repo\org\objenesis\objenesis\3.2\objenesis-3.2.jar;D:\软件\apache-maven-3.5.0\repo\org\mockito\mockito-junit-jupiter\3.9.0\mockito-junit-jupiter-3.9.0.jar;D:\软件\apache-maven-3.5.0\repo\org\skyscreamer\jsonassert\1.5.0\jsonassert-1.5.0.jar;D:\软件\apache-maven-3.5.0\repo\com\vaadin\external\google\android-json\0.0.20131108.vaadin1\android-json-0.0.20131108.vaadin1.jar;D:\软件\apache-maven-3.5.0\repo\org\springframework\spring-core\5.3.7\spring-core-5.3.7.jar;D:\软件\apache-maven-3.5.0\repo\org\springframework\spring-jcl\5.3.7\spring-jcl-5.3.7.jar;D:\软件\apache-maven-3.5.0\repo\org\springframework\spring-test\5.3.7\spring-test-5.3.7.jar;D:\软件\apache-maven-3.5.0\repo\org\xmlunit\xmlunit-core\2.8.2\xmlunit-core-2.8.2.jar;"/>
    <property name="sun.cpu.endian" value="little"/>
    <property name="user.home" value="C:\Users\YangPeng"/>
    <property name="user.language" value="zh"/>
    <property name="java.specification.vendor" value="Oracle Corporation"/>
    <property name="java.home" value="D:\java\jdk\jre"/>
    <property name="basedir" value="D:\项目\parent\dubbo-gmall-interface"/>
    <property name="file.separator" value="\"/>
    <property name="line.separator" value="&#10;"/>
    <property name="java.vm.specification.vendor" value="Oracle Corporation"/>
    <property name="java.specification.name" value="Java Platform API Specification"/>
    <property name="java.awt.graphicsenv" value="sun.awt.Win32GraphicsEnvironment"/>
    <property name="surefire.real.class.path" value="C:\Users\YangPeng\AppData\Local\Temp\surefire310511792852558208\surefirebooter6800669668924002094.jar"/>
    <property name="sun.boot.class.path" value="D:\java\jdk\jre\lib\resources.jar;D:\java\jdk\jre\lib\rt.jar;D:\java\jdk\jre\lib\sunrsasign.jar;D:\java\jdk\jre\lib\jsse.jar;D:\java\jdk\jre\lib\jce.jar;D:\java\jdk\jre\lib\charsets.jar;D:\java\jdk\jre\lib\jfr.jar;D:\java\jdk\jre\classes"/>
    <property name="user.script" value=""/>
    <property name="sun.management.compiler" value="HotSpot 64-Bit Tiered Compilers"/>
    <property name="java.runtime.version" value="1.8.0_241-b07"/>
    <property name="user.name" value="YangPeng"/>
    <property name="path.separator" value=";"/>
    <property name="os.version" value="10.0"/>
    <property name="java.endorsed.dirs" value="D:\java\jdk\jre\lib\endorsed"/>
    <property name="java.runtime.name" value="Java(TM) SE Runtime Environment"/>
    <property name="file.encoding" value="GBK"/>
    <property name="java.vm.name" value="Java HotSpot(TM) 64-Bit Server VM"/>
    <property name="localRepository" value="D:\软件\apache-maven-3.5.0\repo"/>
    <property name="java.vendor.url.bug" value="http://bugreport.sun.com/bugreport/"/>
    <property name="java.io.tmpdir" value="C:\Users\YangPeng\AppData\Local\Temp\"/>
    <property name="idea.version" value="2018.3.2"/>
    <property name="java.version" value="1.8.0_241"/>
    <property name="user.dir" value="D:\项目\parent\dubbo-gmall-interface"/>
    <property name="os.arch" value="amd64"/>
    <property name="java.vm.specification.name" value="Java Virtual Machine Specification"/>
    <property name="java.awt.printerjob" value="sun.awt.windows.WPrinterJob"/>
    <property name="sun.os.patch.level" value=""/>
    <property name="java.library.path" value="D:\java\jdk\jre\bin;C:\WINDOWS\Sun\Java\bin;C:\WINDOWS\system32;C:\WINDOWS;C:\Program Files (x86)\Common Files\Oracle\Java\javapath;C:\WINDOWS\system32;C:\WINDOWS;C:\WINDOWS\System32\Wbem;C:\WINDOWS\System32\WindowsPowerShell\v1.0\;C:\WINDOWS\System32\OpenSSH\;D:\Java\jdk\bin;D:\Java\jdk\jre\bin;D:\software\nodejs\;D:\software\nodejs\node_global;C:\Program Files\MySQL\MySQL Server 8.0\bin;D:\software\xshell6\;D:\software\apache-maven-3.5.0\bin;C:\Users\YangPeng\AppData\Local\Microsoft\WindowsApps;;D:\software\Microsoft VS Code\bin;C:\Users\YangPeng\AppData\Roaming\npm;."/>
    <property name="java.vm.info" value="mixed mode"/>
    <property name="java.vendor" value="Oracle Corporation"/>
    <property name="java.vm.version" value="25.241-b07"/>
    <property name="java.ext.dirs" value="D:\java\jdk\jre\lib\ext;C:\WINDOWS\Sun\Java\lib\ext"/>
    <property name="sun.io.unicode.encoding" value="UnicodeLittle"/>
    <property name="java.class.version" value="52.0"/>
  </properties>
  <testcase name="com.provider.gmallinterface.GmallInterfaceApplicationTests" classname="com.provider.gmallinterface.GmallInterfaceApplicationTests" time="0.871">
    <error message="Unable to find a @SpringBootConfiguration, you need to use @ContextConfiguration or @SpringBootTest(classes=...) with your test" type="java.lang.IllegalStateException">java.lang.IllegalStateException: Unable to find a @SpringBootConfiguration, you need to use @ContextConfiguration or @SpringBootTest(classes=...) with your test
</error>
    <system-out><![CDATA[19:09:19.074 [main] DEBUG org.springframework.test.context.BootstrapUtils - Instantiating CacheAwareContextLoaderDelegate from class [org.springframework.test.context.cache.DefaultCacheAwareContextLoaderDelegate]
19:09:19.149 [main] DEBUG org.springframework.test.context.BootstrapUtils - Instantiating BootstrapContext using constructor [public org.springframework.test.context.support.DefaultBootstrapContext(java.lang.Class,org.springframework.test.context.CacheAwareContextLoaderDelegate)]
19:09:19.269 [main] DEBUG org.springframework.test.context.BootstrapUtils - Instantiating TestContextBootstrapper for test class [com.provider.gmallinterface.GmallInterfaceApplicationTests] from class [org.springframework.boot.test.context.SpringBootTestContextBootstrapper]
19:09:19.309 [main] INFO org.springframework.boot.test.context.SpringBootTestContextBootstrapper - Neither @ContextConfiguration nor @ContextHierarchy found for test class [com.provider.gmallinterface.GmallInterfaceApplicationTests], using SpringBootContextLoader
19:09:19.322 [main] DEBUG org.springframework.test.context.support.AbstractContextLoader - Did not detect default resource location for test class [com.provider.gmallinterface.GmallInterfaceApplicationTests]: class path resource [com/provider/gmallinterface/GmallInterfaceApplicationTests-context.xml] does not exist
19:09:19.324 [main] DEBUG org.springframework.test.context.support.AbstractContextLoader - Did not detect default resource location for test class [com.provider.gmallinterface.GmallInterfaceApplicationTests]: class path resource [com/provider/gmallinterface/GmallInterfaceApplicationTestsContext.groovy] does not exist
19:09:19.325 [main] INFO org.springframework.test.context.support.AbstractContextLoader - Could not detect default resource locations for test class [com.provider.gmallinterface.GmallInterfaceApplicationTests]: no resource found for suffixes {-context.xml, Context.groovy}.
19:09:19.327 [main] INFO org.springframework.test.context.support.AnnotationConfigContextLoaderUtils - Could not detect default configuration classes for test class [com.provider.gmallinterface.GmallInterfaceApplicationTests]: GmallInterfaceApplicationTests does not declare any static, non-private, non-final, nested classes annotated with @Configuration.
19:09:19.471 [main] DEBUG org.springframework.test.context.support.ActiveProfilesUtils - Could not find an 'annotation declaring class' for annotation type [org.springframework.test.context.ActiveProfiles] and class [com.provider.gmallinterface.GmallInterfaceApplicationTests]
]]></system-out>
  </testcase>
</testsuite>